2025-11-27 22:05:01,455 - WARNING - PyNaCl is not installed, voice will NOT be supported
2025-11-27 22:05:01,457 - INFO - logging in using static token
2025-11-27 22:05:02,176 - INFO - \u2713 Laddade cogs.utils_core
2025-11-27 22:05:02,177 - INFO - \u2713 Laddade cogs.fun
2025-11-27 22:05:02,178 - INFO - \u2713 Laddade cogs.roles
2025-11-27 22:05:02,179 - INFO - \u2713 Laddade cogs.quotes
2025-11-27 22:05:02,180 - INFO - \u2713 Laddade cogs.admin
2025-11-27 22:05:02,253 - INFO - \u2713 Laddade cogs.ai
2025-11-27 22:05:02,616 - INFO - \U0001f30d Global sync: 14 kommandon registrerade
2025-11-27 22:05:03,287 - INFO - Shard ID None has connected to Gateway (Session ID: 9e4e08f4d199059423edd2b577542281).
2025-11-27 22:05:05,301 - INFO - \u2705 Botten är online som \u2192 \u1d18\u1d1c\ua730\ua730\u1d07\u0274 \u2190#0166
2025-11-27 22:08:29,756 - INFO - puffinbird frågade i Skall Bara: vem är "älgen från skara"?
2025-11-27 22:08:29,756 - INFO - AI svarade: "Älgen från Skara" är ett svenskt band som bildades år 2013 i Skara, och spelar folkmusik med inslag av moderna element. De har släppt flera album sedan de började, däribland "Jag vill inte vara en drake" från 2015 och "Konstigt kyssande kreaturer" från 2017. Bandets medlemmar är bland andra Frida Hyvönen, Anders Grahn och Johan Lundström.
2025-11-27 22:08:29,757 - INFO - [AI] Skickade permanent meddelande: \U0001f916 (del 1/1)
"Älgen från Skara" är ett svenskt band som bildades år 2013 i Skara, och spelar folkmusik med inslag av moderna element. De har släppt flera album sedan de började, däribland "Jag vill inte vara en drake" från 2015 och "Konstigt kyssande kreaturer" från 2017. Bandets medlemmar är bland andra Frida Hyvönen, Anders Grahn och Johan Lundström.
2025-11-27 22:08:30,076 - INFO - puffinbird körde /askai i Skall Bara (475382162418565152)
2025-11-27 22:09:13,852 - INFO - puffinbird frågade i Skall Bara: Vem är Älgen från skara i frölunda
2025-11-27 22:09:13,852 - INFO - AI svarade: "Älgen från Skara i Frölunda" kallas den svenske ishockeyspelaren Mats Åhlberg, som spelade för Frölunda HC mellan åren 1978 och 1986. Han var en av klubbens bästa målskyttar genom tiderna. "Älgen" är ett smeknamn han fick eftersom han var en snabb och effektiv spelare som gick ofta på offensiven, likt en älg.
2025-11-27 22:09:13,852 - INFO - [AI] Skickade permanent meddelande: \U0001f916 (del 1/1)
"Älgen från Skara i Frölunda" kallas den svenske ishockeyspelaren Mats Åhlberg, som spelade för Frölunda HC mellan åren 1978 och 1986. Han var en av klubbens bästa målskyttar genom tiderna. "Älgen" är ett smeknamn han fick eftersom han var en snabb och effektiv spelare som gick ofta på offensiven, likt en älg.
2025-11-27 22:09:14,149 - INFO - puffinbird körde /askai i Skall Bara (475382162418565152)
2025-11-27 22:10:37,451 - INFO - puffinbird frågade i Skall Bara: vad kallas Filip Cederqvist för? (hockey spelare, spelare för Frölunda)
2025-11-27 22:10:37,451 - INFO - AI svarade: Filip Cederqvist kallas för "Ceder." Han är en ishockeyspelare som spelar för klubben Frölunda HC i SHL.
2025-11-27 22:10:37,451 - INFO - [AI] Skickade permanent meddelande: \U0001f916 (del 1/1)
Filip Cederqvist kallas för "Ceder." Han är en ishockeyspelare som spelar för klubben Frölunda HC i SHL.
2025-11-27 22:10:37,738 - INFO - puffinbird körde /askai i Skall Bara (475382162418565152)
2025-11-27 22:11:15,626 - INFO - puffinbird frågade i Skall Bara: Filip Cederqvist, Älgen från Skara
2025-11-27 22:11:15,627 - INFO - AI svarade: Filip Cederqvist (nascido em 1973) é um artista sueco que trabalha com performance, vídeo e instalação. Seu trabalho explora temas relacionados à identidade, memória coletiva e histórias locais, frequentemente incorporando elementos de mitologia, ficção e humores.

O título "Älgen från Skara" refere-se a uma performance de 2003 em que Cederqvist se vestiu com uma armadura medieval e andou pelas ruínas do castelo de Skara na Suécia, onde interpretou o papel de um rei medieval fictício. A performance foi filmada e apresentada como um vídeo instalado em uma galeria, onde a imagem do artista no vestido medieval apareceu intercalada com imagens do castelo e da cidade.

A história do "älgen" (o alce) de Skara se refere à lenda local de um alce branco que supostamente vive em torno das ruínas do castelo, sendo considerado sinal de boa sorte. Cederqvist incorporou esta lenda na performance para enfatizar a conexão entre o passado e o presente e a importância da memória coletiva local.

A obra de Filip Cederqvist é reconhecida por sua ironia, humores e capacidade de combinar histórias locais e mitologias para explorar questões complexas relacionadas à identidade e a cultura.
2025-11-27 22:11:15,627 - INFO - [AI] Skickade permanent meddelande: \U0001f916 (del 1/1)
Filip Cederqvist (nascido em 1973) é um artista sueco que trabalha com performance, vídeo e instalação. Seu trabalho explora temas relacionados à identidade, memória coletiva e histórias locais, frequentemente incorporando elementos de mitologia, ficção e humores.

O título "Älgen från Skara" refere-se a uma performance de 2003 em que Cederqvist se vestiu com uma armadura medieval e andou pelas ruínas do castelo de Skara na Suécia, onde interpretou o papel de um rei medieval fictício. A performance foi filmada e apresentada como um vídeo instalado em uma galeria, onde a imagem do artista no vestido medieval apareceu intercalada com imagens do castelo e da cidade.

A história do "älgen" (o alce) de Skara se refere à lenda local de um alce branco que supostamente vive em torno das ruínas do castelo, sendo considerado sinal de boa sorte. Cederqvist incorporou esta lenda na performance para enfatizar a conexão entre o passado e o presente e a importância da memória coletiva local.

A obra de Filip Cederqvist é reconhecida por sua ironia, humores e capacidade de combinar histórias locais e mitologias para explorar questões complexas relacionadas à identidade e a cultura.
2025-11-27 22:11:16,108 - INFO - puffinbird körde /askai i Skall Bara (475382162418565152)
2025-11-27 22:24:08,620 - INFO - puffinbird körde /rps i Skall Bara (475382162418565152)
2025-11-27 23:16:00,240 - INFO - Shard ID None has successfully RESUMED session 9e4e08f4d199059423edd2b577542281.
2025-11-27 23:19:37,137 - INFO - puffinbird körde /eightball i Beastmasters (382273654765125632)
2025-11-28 00:05:24,642 - INFO - Shard ID None has successfully RESUMED session 9e4e08f4d199059423edd2b577542281.
