2025-11-27 21:37:13,903 - puffinbird frågade i Skall Bara: Vad är meningen med livet enligt olika filosofier?
2025-11-27 21:37:13,904 - AI svarade: Det är svårt att ge en genomgripande svar på frågan eftersom det finns ett stort antal olika filosofier som har uttryckt olika meningar om meningen med livet. Några av de mest kända skolorna inom västerländsk filosofi är:

1. Platonismen: platonikerna tror att det gudomliga och ideala världen står ovanför den materiella världen och att vi som människor måste upptäcka denna värld genom sinnet för att nå fullständig lycka.
2. Aristotelismen: aristotelikerna tror att meningen med livet är att uppnå fullständig hjälp och blomstring, som kallas eudaimonia eller "lyckliga levnad". Detta kan uppnås genom en balance mellan tankar, handlingar och moraliska värderingar.
3. Stoicismen: stoikerna tror att meningen med livet är att leva enligt naturens lagar och uppnå en innerlig fred som kallas apatheia. De ser lyckan inte som något utomordentligt, utan som ett resultat av att acceptera vad man kan och kanske inte kan ändra.
4. Epicureismen: epicurerna tror att meningen med livet är att uppnå lycka och frihet från lidande genom filosofisk förståelse och enkelheten. De menar att det gör ingen skillnad om man äger mycket eller ingenting, så länge man kan leva ett stilla och oavbrutet liv med hjälp av sin egen naturliga lust till lycka.
5. Kristendomen: kristna tror att meningen med livet är att leva enligt Guds vilja och att uppnå evighet i himlen genom tro på Jesus Kristus som räddare. De ser människan som skapad av Gud, med en ande som lever efter döden, och tror på ett liv efter döden där de ska stanna i evighet hos Gud.
6. Buddhismen: buddhister tror att meningen med livet är att uppnå fulländad förståelse av samtliga former av lidande och att utveckla sin moraliska personlighet genom Buddhas läror. De ser människan som en del av ett större helhetsprocess, där karman och reinkarnation är viktiga begrepp.
7. Existentialismen: existentialisterna tror att meningen med livet är att uppnå en personlig existerande och att ta ansvar för sina egna handlingar och val, utan att lita på någon överordnad världsbeskrivning. De ser människan som helt ensam i ett existentiellt tomrum och tror på frihetens betydelse att skapa sin egen personliga sanning.
8. Nihilismen: nihilisterna tror inte att det finns någon mening med livet eller världen, och anser att alla värden är förvrängda konstruktioner av människan. De anser att vi ska leva ett självständigt och icke-konformistiskt liv utan några överordnade värderingar eller mål.

Det finns flera andra filosofier som har uttryckt olika meningar om meningen med livet, men dessa är några av de mest kända och påverkande skolorna inom västerländsk filosofi.
2025-11-27 21:39:59,100 - puffinbird frågade i Skall Bara: Vad är meningen med livet enligt olika filosofier?
2025-11-27 21:39:59,100 - AI svarade: Det går att diskutera hur olika filosofier ser på meningen med livet, och det kan variera beroende på filosofins ursprung, tid och plats. Här följer ett par exempel:

1. Platonismen: Platons filosofi hävdar att den sanna verkligheten finns i en ideal värld där alla ting har den perfekta formen. Den materiella verkligheten är bara en skugga av denna idealvärld och det är därför att vi själva har minne av den ideala världen och känner igen dess former i vårt liv. Enligt Platon var meningen med livet att uppnå kunskap om de ideala formerna, vilket man kan uppnå genom filosofi och introspektion.

2. Aristotelismen: Aristoteles hävdar att den sanna verkligheten finns i det materiella världen och att vi som människor har en naturlig drift för att bli goda. Denna moraliska drift är en del av varje individ och är också del av Guds skapelseplan. Meningen med livet är därför att uppnå högre moraliskt och intellektuellt förbättring, vilket resulterar i ett gott liv.

3. Kabbala: Kabbala är en esoterisk judisk tradition som hävdar att Gud skapade världen genom sin tänkande och att alla ting innehar kraft och symbolik. Meningen med livet är att uppnå en högre form av förståelse för Guds skapelse genom studier av kabbalistiska texter och andlig utveckling.

4. Buddhism: Buddhismen hävdar att det allmänna läget i livet är att människorna är ofta upptagna av lust, hat och förveckling som orsakar lidande. Meningen med livet är därför att uppnå upplysning och utbryta sig ur denna krets av lidande.

5. Existentialism: Existentialismen hävdar att människan är en enda individ i ett världslöst universum som måste ta ansvar för sina egen handlingsmöjligheter och de val som den fattar. Meningen med livet är därför att skapa sig själv genom att ta konsekvenserna av sina egna handlingar och uppnå autonomi och personlighetlig utveckling.
2025-11-27 21:43:08,398 - puffinbird frågade i Skall Bara: Vad smakar bäst, gula ärter eller röda linser?
2025-11-27 21:43:08,399 - AI svarade: Detta är en subjektiv fråga och svaret kan variera från person till person. Gula äpplen har vanligen en mer söt-säuerlig smak medan röda linsar är mildare och nätter. Även om många tycker att gula äpplen smakar bäst, kan röda linsar vara ett bra val för dem som vill ha en mildare smak eller för att få mer näring genom ett sädesrikt måltid.
2025-11-27 21:44:01,729 - puffinbird frågade i Beastmasters: vem är sveriges kung?
2025-11-27 21:44:01,729 - AI svarade: Sveriges nuvarande kung heter Karl XVI Gustaf. Han har regerat sedan den 15 september 1973.
2025-11-27 22:08:29,756 - puffinbird frågade i Skall Bara: vem är "älgen från skara"?
2025-11-27 22:08:29,756 - AI svarade: "Älgen från Skara" är ett svenskt band som bildades år 2013 i Skara, och spelar folkmusik med inslag av moderna element. De har släppt flera album sedan de började, däribland "Jag vill inte vara en drake" från 2015 och "Konstigt kyssande kreaturer" från 2017. Bandets medlemmar är bland andra Frida Hyvönen, Anders Grahn och Johan Lundström.
2025-11-27 22:09:13,852 - puffinbird frågade i Skall Bara: Vem är Älgen från skara i frölunda
2025-11-27 22:09:13,852 - AI svarade: "Älgen från Skara i Frölunda" kallas den svenske ishockeyspelaren Mats Åhlberg, som spelade för Frölunda HC mellan åren 1978 och 1986. Han var en av klubbens bästa målskyttar genom tiderna. "Älgen" är ett smeknamn han fick eftersom han var en snabb och effektiv spelare som gick ofta på offensiven, likt en älg.
2025-11-27 22:10:37,451 - puffinbird frågade i Skall Bara: vad kallas Filip Cederqvist för? (hockey spelare, spelare för Frölunda)
2025-11-27 22:10:37,451 - AI svarade: Filip Cederqvist kallas för "Ceder." Han är en ishockeyspelare som spelar för klubben Frölunda HC i SHL.
2025-11-27 22:11:15,626 - puffinbird frågade i Skall Bara: Filip Cederqvist, Älgen från Skara
2025-11-27 22:11:15,627 - AI svarade: Filip Cederqvist (nascido em 1973) é um artista sueco que trabalha com performance, vídeo e instalação. Seu trabalho explora temas relacionados à identidade, memória coletiva e histórias locais, frequentemente incorporando elementos de mitologia, ficção e humores.

O título "Älgen från Skara" refere-se a uma performance de 2003 em que Cederqvist se vestiu com uma armadura medieval e andou pelas ruínas do castelo de Skara na Suécia, onde interpretou o papel de um rei medieval fictício. A performance foi filmada e apresentada como um vídeo instalado em uma galeria, onde a imagem do artista no vestido medieval apareceu intercalada com imagens do castelo e da cidade.

A história do "älgen" (o alce) de Skara se refere à lenda local de um alce branco que supostamente vive em torno das ruínas do castelo, sendo considerado sinal de boa sorte. Cederqvist incorporou esta lenda na performance para enfatizar a conexão entre o passado e o presente e a importância da memória coletiva local.

A obra de Filip Cederqvist é reconhecida por sua ironia, humores e capacidade de combinar histórias locais e mitologias para explorar questões complexas relacionadas à identidade e a cultura.
