2025-11-27 15:39:54,067 - puffinbird körde /eightball i Beastmasters (382273654765125632)
2025-11-27 15:43:56,588 - puffinbird körde /addquote i Skall Bara (475382162418565152)
2025-11-27 15:44:16,886 - puffinbird körde /addquote i Skall Bara (475382162418565152)
2025-11-27 15:44:30,247 - puffinbird körde /quotes i Skall Bara (475382162418565152)
2025-11-27 15:47:01,400 - puffinbird körde /addquote i Skall Bara (475382162418565152)
2025-11-27 15:55:18,811 - puffinbird körde /listroles i Beastmasters (382273654765125632)
2025-11-27 15:55:41,242 - puffinbird körde /setrole i Beastmasters (382273654765125632)
2025-11-27 15:55:55,759 - puffinbird körde /setrole i Beastmasters (382273654765125632)
2025-11-27 15:56:07,857 - puffinbird körde /listroles i Beastmasters (382273654765125632)
2025-11-27 15:59:38,286 - freddeserver körde /eightball i Beastmasters (382273654765125632)
2025-11-27 16:00:07,889 - freddeserver körde /eightball i Beastmasters (382273654765125632)
2025-11-27 16:00:21,042 - kissatuuletin körde /eightball i Beastmasters (382273654765125632)
2025-11-27 16:00:58,422 - puffinbird körde /dice i Beastmasters (382273654765125632)
2025-11-27 16:03:05,405 - puffinbird körde /eightball i Beastmasters (382273654765125632)
2025-11-27 16:04:07,783 - kissatuuletin körde /eightball i Beastmasters (382273654765125632)
2025-11-27 16:08:52,568 - puffinbird körde /addquote i Beastmasters (382273654765125632)
2025-11-27 16:09:02,547 - puffinbird körde /quotes i Beastmasters (382273654765125632)
2025-11-27 16:12:48,469 - puffinbird körde /delquote i Skall Bara (475382162418565152)
2025-11-27 16:13:01,631 - puffinbird körde /delquote i Beastmasters (382273654765125632)
2025-11-27 16:43:53,307 - puffinbird körde /coinflip i Skall Bara (475382162418565152)
2025-11-27 16:54:29,732 - puffinbird körde /sync i Skall Bara (475382162418565152)
2025-11-27 16:58:07,217 - puffinbird körde /sync i Skall Bara (475382162418565152)
2025-11-27 21:08:00,927 - puffinbird körde /askai i Skall Bara (475382162418565152)
2025-11-27 21:37:14,258 - puffinbird körde /askai i Skall Bara (475382162418565152)
2025-11-27 21:39:59,464 - puffinbird körde /askai i Skall Bara (475382162418565152)
2025-11-27 21:41:37,828 - puffinbird körde /dice i Skall Bara (475382162418565152)
2025-11-27 21:41:51,279 - puffinbird körde /addquote i Skall Bara (475382162418565152)
2025-11-27 21:42:03,559 - puffinbird körde /delquote i Skall Bara (475382162418565152)
2025-11-27 21:43:09,066 - puffinbird körde /askai i Skall Bara (475382162418565152)
2025-11-27 21:44:03,829 - puffinbird körde /askai i Beastmasters (382273654765125632)
2025-11-27 22:08:30,076 - puffinbird körde /askai i Skall Bara (475382162418565152)
2025-11-27 22:09:14,149 - puffinbird körde /askai i Skall Bara (475382162418565152)
2025-11-27 22:10:37,738 - puffinbird körde /askai i Skall Bara (475382162418565152)
2025-11-27 22:11:16,108 - puffinbird körde /askai i Skall Bara (475382162418565152)
2025-11-27 22:24:08,620 - puffinbird körde /rps i Skall Bara (475382162418565152)
2025-11-27 23:19:37,137 - puffinbird körde /eightball i Beastmasters (382273654765125632)
2025-11-28 20:55:40,747 - puffinbird körde /eightball i Beastmasters (382273654765125632)
2025-11-28 20:58:29,004 - puffinbird körde /listroles i Beastmasters (382273654765125632)
2025-11-28 20:58:55,030 - puffinbird körde /rollmeny i Beastmasters (382273654765125632)
2025-11-28 21:04:43,107 - puffinbird körde /listroles i Skall Bara (475382162418565152)
2025-11-28 21:04:58,980 - puffinbird körde /rollmeny i Skall Bara (475382162418565152)
2025-11-28 21:08:32,925 - puffinbird körde /listroles i Skall Bara (475382162418565152)
2025-11-28 21:08:48,792 - puffinbird körde /deleterole i Skall Bara (475382162418565152)
2025-11-28 21:08:56,253 - puffinbird körde /deleterole i Skall Bara (475382162418565152)
2025-11-28 21:09:00,920 - puffinbird körde /listroles i Skall Bara (475382162418565152)
2025-11-28 21:09:11,407 - puffinbird körde /setrole i Skall Bara (475382162418565152)
2025-11-28 21:09:24,960 - puffinbird körde /setrole i Skall Bara (475382162418565152)
2025-11-28 21:09:30,005 - puffinbird körde /listroles i Skall Bara (475382162418565152)
2025-11-28 21:09:39,417 - puffinbird körde /rollmeny i Skall Bara (475382162418565152)
2025-11-28 21:10:16,278 - puffinbird körde /deleterole i Beastmasters (382273654765125632)
2025-11-28 21:10:21,108 - puffinbird körde /deleterole i Beastmasters (382273654765125632)
2025-11-28 21:10:26,036 - puffinbird körde /listroles i Beastmasters (382273654765125632)
2025-11-28 21:10:38,607 - puffinbird körde /setrole i Beastmasters (382273654765125632)
2025-11-28 21:10:49,967 - puffinbird körde /setrole i Beastmasters (382273654765125632)
2025-11-28 21:10:59,406 - puffinbird körde /listroles i Beastmasters (382273654765125632)
2025-11-28 21:11:07,584 - puffinbird körde /rollmeny i Beastmasters (382273654765125632)
2025-11-29 02:05:06,444 - puffinbird körde /eightball i Beastmasters (382273654765125632)
2025-11-29 02:07:06,901 - puffinbird körde /coinflip i Beastmasters (382273654765125632)
2025-11-29 02:12:10,434 - puffinbird körde /quotes i Beastmasters (382273654765125632)
2025-11-29 02:12:24,910 - puffinbird körde /addquote i Beastmasters (382273654765125632)
2025-11-29 02:12:42,242 - puffinbird körde /quotes i Beastmasters (382273654765125632)
2025-11-29 02:15:31,536 - puffinbird körde /dice i Beastmasters (382273654765125632)
2025-11-29 02:19:51,011 - puffinbird körde /eightball i Beastmasters (382273654765125632)
